{"E:\\Coding\\Web Projects\\University\\Electronics Retail Store Mern\\electronics-store-mern\\backend\\src\\app.js": {"path":"E:\\Coding\\Web Projects\\University\\Electronics Retail Store Mern\\electronics-store-mern\\backend\\src\\app.js","statementMap":{"0":{"start":{"line":7,"column":0},"end":{"line":7,"column":16}},"1":{"start":{"line":8,"column":0},"end":{"line":8,"column":12}},"2":{"start":{"line":10,"column":12},"end":{"line":10,"column":21}},"3":{"start":{"line":16,"column":0},"end":{"line":16,"column":24}},"4":{"start":{"line":18,"column":0},"end":{"line":20,"column":3}},"5":{"start":{"line":19,"column":2},"end":{"line":19,"column":32}},"6":{"start":{"line":23,"column":0},"end":{"line":23,"column":43}}},"fnMap":{"0":{"name":"(anonymous_0)","decl":{"start":{"line":18,"column":21},"end":{"line":18,"column":22}},"loc":{"start":{"line":18,"column":35},"end":{"line":20,"column":1}},"line":18}},"branchMap":{},"s":{"0":2,"1":2,"2":2,"3":2,"4":2,"5":1,"6":2},"f":{"0":1},"b":{},"_coverageSchema":"1a1c01bbd47fc00a2c39e90264f33305004495a9","hash":"0e0b6aa43bdb80f7c575ef8bc5c449e13fd12034"}
,"E:\\Coding\\Web Projects\\University\\Electronics Retail Store Mern\\electronics-store-mern\\backend\\src\\config\\db.js": {"path":"E:\\Coding\\Web Projects\\University\\Electronics Retail Store Mern\\electronics-store-mern\\backend\\src\\config\\db.js","statementMap":{"0":{"start":{"line":4,"column":0},"end":{"line":4,"column":16}},"1":{"start":{"line":7,"column":18},"end":{"line":15,"column":1}},"2":{"start":{"line":8,"column":2},"end":{"line":14,"column":3}},"3":{"start":{"line":9,"column":4},"end":{"line":9,"column":50}},"4":{"start":{"line":10,"column":4},"end":{"line":10,"column":37}},"5":{"start":{"line":12,"column":4},"end":{"line":12,"column":62}},"6":{"start":{"line":13,"column":4},"end":{"line":13,"column":20}}},"fnMap":{"0":{"name":"(anonymous_0)","decl":{"start":{"line":7,"column":18},"end":{"line":7,"column":19}},"loc":{"start":{"line":7,"column":30},"end":{"line":15,"column":1}},"line":7}},"branchMap":{},"s":{"0":2,"1":2,"2":2,"3":2,"4":1,"5":0,"6":0},"f":{"0":2},"b":{},"_coverageSchema":"1a1c01bbd47fc00a2c39e90264f33305004495a9","hash":"0b64a47f28d17334b423bb368ba963597a7de189"}
,"E:\\Coding\\Web Projects\\University\\Electronics Retail Store Mern\\electronics-store-mern\\backend\\src\\models\\inventory.model.js": {"path":"E:\\Coding\\Web Projects\\University\\Electronics Retail Store Mern\\electronics-store-mern\\backend\\src\\models\\inventory.model.js","statementMap":{"0":{"start":{"line":3,"column":24},"end":{"line":12,"column":1}},"1":{"start":{"line":14,"column":18},"end":{"line":14,"column":62}}},"fnMap":{},"branchMap":{},"s":{"0":2,"1":2},"f":{},"b":{},"_coverageSchema":"1a1c01bbd47fc00a2c39e90264f33305004495a9","hash":"69a05a72b2e3296374522eb00c69a032981d7369"}
,"E:\\Coding\\Web Projects\\University\\Electronics Retail Store Mern\\electronics-store-mern\\backend\\src\\routes\\inventory.routes.js": {"path":"E:\\Coding\\Web Projects\\University\\Electronics Retail Store Mern\\electronics-store-mern\\backend\\src\\routes\\inventory.routes.js","statementMap":{"0":{"start":{"line":4,"column":15},"end":{"line":4,"column":31}},"1":{"start":{"line":7,"column":0},"end":{"line":14,"column":3}},"2":{"start":{"line":8,"column":2},"end":{"line":13,"column":3}},"3":{"start":{"line":9,"column":18},"end":{"line":9,"column":40}},"4":{"start":{"line":10,"column":4},"end":{"line":10,"column":20}},"5":{"start":{"line":12,"column":4},"end":{"line":12,"column":54}}},"fnMap":{"0":{"name":"(anonymous_0)","decl":{"start":{"line":7,"column":16},"end":{"line":7,"column":17}},"loc":{"start":{"line":7,"column":36},"end":{"line":14,"column":1}},"line":7}},"branchMap":{},"s":{"0":2,"1":2,"2":1,"3":1,"4":1,"5":0},"f":{"0":1},"b":{},"_coverageSchema":"1a1c01bbd47fc00a2c39e90264f33305004495a9","hash":"9fff82ff674a3db9309119f10671c9a5985082cb"}
}
