TN:
SF:src\app.js
FN:18,(anonymous_0)
FNF:1
FNH:1
FNDA:1,(anonymous_0)
DA:7,2
DA:8,2
DA:10,2
DA:16,2
DA:18,2
DA:19,1
DA:23,2
LF:7
LH:7
BRF:0
BRH:0
end_of_record
TN:
SF:src\config\db.js
FN:7,(anonymous_0)
FNF:1
FNH:1
FNDA:2,(anonymous_0)
DA:4,2
DA:7,2
DA:8,2
DA:9,2
DA:10,1
DA:12,0
DA:13,0
LF:7
LH:5
BRF:0
BRH:0
end_of_record
TN:
SF:src\models\inventory.model.js
FNF:0
FNH:0
DA:3,2
DA:14,2
LF:2
LH:2
BRF:0
BRH:0
end_of_record
TN:
SF:src\routes\inventory.routes.js
FN:7,(anonymous_0)
FNF:1
FNH:1
FNDA:1,(anonymous_0)
DA:4,2
DA:7,2
DA:8,1
DA:9,1
DA:10,1
DA:12,0
LF:6
LH:5
BRF:0
BRH:0
end_of_record
